0 info it worked if it ends with ok
1 verbose cli [ '/usr/local/Cellar/node/7.2.1/bin/node',
1 verbose cli   '/usr/local/bin/npm',
1 verbose cli   'run',
1 verbose cli   'start' ]
2 info using npm@4.0.5
3 info using node@v7.2.1
4 verbose run-script [ 'prestart', 'start', 'poststart' ]
5 info lifecycle gapsapp@0.0.1~prestart: gapsapp@0.0.1
6 silly lifecycle gapsapp@0.0.1~prestart: no script for prestart, continuing
7 info lifecycle gapsapp@0.0.1~start: gapsapp@0.0.1
8 verbose lifecycle gapsapp@0.0.1~start: unsafe-perm in lifecycle true
9 verbose lifecycle gapsapp@0.0.1~start: PATH: /usr/local/lib/node_modules/npm/bin/node-gyp-bin:/Users/rlexvold/git/gapsapp/node_modules/.bin:/usr/local/sbin:/usr/local/bin:/usr/bin:/bin:/usr/sbin:/sbin:/usr/local/share/dotnet:/Library/Frameworks/Mono.framework/Versions/Current/Commands:/Users/rlexvold/dse/bin
10 verbose lifecycle gapsapp@0.0.1~start: CWD: /Users/rlexvold/git/gapsapp
11 silly lifecycle gapsapp@0.0.1~start: Args: [ '-c', 'NODE_ENV=localhost node server.js' ]
12 silly lifecycle gapsapp@0.0.1~start: Returned: code: 1  signal: null
13 info lifecycle gapsapp@0.0.1~start: Failed to exec start script
14 verbose stack Error: gapsapp@0.0.1 start: `NODE_ENV=localhost node server.js`
14 verbose stack Exit status 1
14 verbose stack     at EventEmitter.<anonymous> (/usr/local/lib/node_modules/npm/lib/utils/lifecycle.js:279:16)
14 verbose stack     at emitTwo (events.js:106:13)
14 verbose stack     at EventEmitter.emit (events.js:191:7)
14 verbose stack     at ChildProcess.<anonymous> (/usr/local/lib/node_modules/npm/lib/utils/spawn.js:40:14)
14 verbose stack     at emitTwo (events.js:106:13)
14 verbose stack     at ChildProcess.emit (events.js:191:7)
14 verbose stack     at maybeClose (internal/child_process.js:885:16)
14 verbose stack     at Process.ChildProcess._handle.onexit (internal/child_process.js:226:5)
15 verbose pkgid gapsapp@0.0.1
16 verbose cwd /Users/rlexvold/git/gapsapp
17 error Darwin 16.3.0
18 error argv "/usr/local/Cellar/node/7.2.1/bin/node" "/usr/local/bin/npm" "run" "start"
19 error node v7.2.1
20 error npm  v4.0.5
21 error code ELIFECYCLE
22 error gapsapp@0.0.1 start: `NODE_ENV=localhost node server.js`
22 error Exit status 1
23 error Failed at the gapsapp@0.0.1 start script 'NODE_ENV=localhost node server.js'.
23 error Make sure you have the latest version of node.js and npm installed.
23 error If you do, this is most likely a problem with the gapsapp package,
23 error not with npm itself.
23 error Tell the author that this fails on your system:
23 error     NODE_ENV=localhost node server.js
23 error You can get information on how to open an issue for this project with:
23 error     npm bugs gapsapp
23 error Or if that isn't available, you can get their info via:
23 error     npm owner ls gapsapp
23 error There is likely additional logging output above.
24 verbose exit [ 1, true ]
